# JRE version: Java(TM) SE Runtime Environment (7.0_55-b13) (build 1.7.0_55-b13)
# Java VM: Java HotSpot(TM) 64-Bit Server VM (24.55-b03 mixed mode linux-amd64 compressed oops)
Heap
 PSYoungGen      total 72704K, used 2498K [0x00000007af480000, 0x00000007b4580000, 0x0000000800000000)
  eden space 62464K, 4% used [0x00000007af480000,0x00000007af6f0ab0,0x00000007b3180000)
  from space 10240K, 0% used [0x00000007b3180000,0x00000007b3180000,0x00000007b3b80000)
  to   space 10240K, 0% used [0x00000007b3b80000,0x00000007b3b80000,0x00000007b4580000)
 ParOldGen       total 164864K, used 7104K [0x000000070de00000, 0x0000000717f00000, 0x00000007af480000)
  object space 164864K, 4% used [0x000000070de00000,0x000000070e4f01e8,0x0000000717f00000)
 PSPermGen       total 21504K, used 6446K [0x0000000708c00000, 0x000000070a100000, 0x000000070de00000)
  object space 21504K, 29% used [0x0000000708c00000,0x000000070924b910,0x000000070a100000)
GC Heap History (4 events):
Event: 0.488 GC heap before
{Heap before GC invocations=1 (full 0):
 PSYoungGen      total 72704K, used 14896K [0x00000007af480000, 0x00000007b4580000, 0x0000000800000000)
  eden space 62464K, 23% used [0x00000007af480000,0x00000007b030c030,0x00000007b3180000)
  from space 10240K, 0% used [0x00000007b3b80000,0x00000007b3b80000,0x00000007b4580000)
  to   space 10240K, 0% used [0x00000007b3180000,0x00000007b3180000,0x00000007b3b80000)
 ParOldGen       total 164864K, used 0K [0x000000070de00000, 0x0000000717f00000, 0x00000007af480000)
  object space 164864K, 0% used [0x000000070de00000,0x000000070de00000,0x0000000717f00000)
 PSPermGen       total 21504K, used 6443K [0x0000000708c00000, 0x000000070a100000, 0x000000070de00000)
  object space 21504K, 29% used [0x0000000708c00000,0x000000070924ae18,0x000000070a100000)
Event: 0.492 GC heap after
Heap after GC invocations=1 (full 0):
 PSYoungGen      total 72704K, used 7264K [0x00000007af480000, 0x00000007b4580000, 0x0000000800000000)
  eden space 62464K, 0% used [0x00000007af480000,0x00000007af480000,0x00000007b3180000)
  from space 10240K, 70% used [0x00000007b3180000,0x00000007b3898340,0x00000007b3b80000)
  to   space 10240K, 0% used [0x00000007b3b80000,0x00000007b3b80000,0x00000007b4580000)
 ParOldGen       total 164864K, used 8K [0x000000070de00000, 0x0000000717f00000, 0x00000007af480000)
  object space 164864K, 0% used [0x000000070de00000,0x000000070de02000,0x0000000717f00000)
 PSPermGen       total 21504K, used 6443K [0x0000000708c00000, 0x000000070a100000, 0x000000070de00000)
  object space 21504K, 29% used [0x0000000708c00000,0x000000070924ae18,0x000000070a100000)
}
Event: 0.492 GC heap before
{Heap before GC invocations=2 (full 1):
 PSYoungGen      total 72704K, used 7264K [0x00000007af480000, 0x00000007b4580000, 0x0000000800000000)
  eden space 62464K, 0% used [0x00000007af480000,0x00000007af480000,0x00000007b3180000)
  from space 10240K, 70% used [0x00000007b3180000,0x00000007b3898340,0x00000007b3b80000)
  to   space 10240K, 0% used [0x00000007b3b80000,0x00000007b3b80000,0x00000007b4580000)
 ParOldGen       total 164864K, used 8K [0x000000070de00000, 0x0000000717f00000, 0x00000007af480000)
  object space 164864K, 0% used [0x000000070de00000,0x000000070de02000,0x0000000717f00000)
 PSPermGen       total 21504K, used 6443K [0x0000000708c00000, 0x000000070a100000, 0x000000070de00000)
  object space 21504K, 29% used [0x0000000708c00000,0x000000070924ae18,0x000000070a100000)
Event: 0.516 GC heap after
Heap after GC invocations=2 (full 1):
 PSYoungGen      total 72704K, used 0K [0x00000007af480000, 0x00000007b4580000, 0x0000000800000000)
  eden space 62464K, 0% used [0x00000007af480000,0x00000007af480000,0x00000007b3180000)
  from space 10240K, 0% used [0x00000007b3180000,0x00000007b3180000,0x00000007b3b80000)
  to   space 10240K, 0% used [0x00000007b3b80000,0x00000007b3b80000,0x00000007b4580000)
 ParOldGen       total 164864K, used 7104K [0x000000070de00000, 0x0000000717f00000, 0x00000007af480000)
  object space 164864K, 4% used [0x000000070de00000,0x000000070e4f01e8,0x0000000717f00000)
 PSPermGen       total 21504K, used 6441K [0x0000000708c00000, 0x000000070a100000, 0x000000070de00000)
  object space 21504K, 29% used [0x0000000708c00000,0x000000070924a658,0x000000070a100000)
}

